This is pdfTeX, Version 3.14159265-2.6-1.40.16 (TeX Live 2015) (preloaded format=pdflatex 2015.5.24)  4 FEB 2016 20:46
entering extended mode
 restricted \write18 enabled.
 file:line:error style messages enabled.
 %&-line parsing enabled.
**macedonian.ins
(./macedonian.ins
LaTeX2e <2015/01/01>
Babel <3.9l> and hyphenation patterns for 79 languages loaded.
(/usr/local/texlive/2015/texmf-dist/tex/latex/base/docstrip.tex
\blockLevel=\count79
\emptyLines=\count80
\processedLines=\count81
\commentsRemoved=\count82
\commentsPassed=\count83
\codeLinesPassed=\count84
\TotalprocessedLines=\count85
\TotalcommentsRemoved=\count86
\TotalcommentsPassed=\count87
\TotalcodeLinesPassed=\count88
\NumberOfFiles=\count89
\inFile=\read1
\inputcheck=\read2
\off@0=\count90
\off@1=\count91
\off@2=\count92
\off@3=\count93
\off@4=\count94
\off@5=\count95
\off@6=\count96
\off@7=\count97
\off@8=\count98
\off@9=\count99
\off@10=\count100
\off@11=\count101
\off@12=\count102
\off@13=\count103
\off@14=\count104
\off@15=\count105
\@maxfiles=\count106
\@maxoutfiles=\count107

Utility: `docstrip' 2.5e <2014/09/29>
English documentation    <2014/09/29>

**********************************************************
* This program converts documented macro-files into fast *
* loadable files by stripping off (nearly) all comments! *
**********************************************************

********************************************************
* No Configuration file found, using default settings. *
********************************************************

(./macedonian.ins
File ./macedonian.ldf already exists on the system.
Overwrite it? [y/n]
\answer=y

Generating file(s) ./macedonian.ldf 
\openout0 = `./macedonian.ldf'.


Processing file macedonian.dtx (code) -> macedonian.ldf
File macedonian.dtx ended by \endinput.
Lines  processed: 981
Comments removed: 612
Comments  passed: 26
Codelines passed: 334

***********************************************************
*
* To finish the installation you have to move the following
* files into a directory searched by TeX:
*
*   All *.def, *.fd, *.ldf, *.sty
*
* To produce the documentation run the files ending with
* '.dtx' and `.fdd' through LaTeX.
*
* Happy TeXing
***********************************************************
) ) ) 
Here is how much of TeX's memory you used:
 324 strings out of 493089
 3287 string characters out of 6134842
 60609 words of memory out of 5000000
 3901 multiletter control sequences out of 15000+600000
 3640 words of font info for 14 fonts, out of 8000000 for 9000
 1141 hyphenation exceptions out of 8191
 15i,0n,15p,587b,131s stack positions out of 5000i,500n,10000p,200000b,80000s

No pages of output.
PDF statistics:
 0 PDF objects out of 1000 (max. 8388607)
 0 named destinations out of 1000 (max. 500000)
 1 words of extra memory for PDF output out of 10000 (max. 10000000)

